<?xml version="1.0" encoding="UTF-8"?>
<coverage generated="1688491683801" clover="3.2.0">
  <project timestamp="1688491683801" name="All files">
    <metrics statements="56" coveredstatements="40" conditionals="22" coveredconditionals="15" methods="23" coveredmethods="11" elements="101" coveredelements="66" complexity="0" loc="56" ncloc="56" packages="3" files="8" classes="8"/>
    <package name="src">
      <metrics statements="3" coveredstatements="2" conditionals="0" coveredconditionals="0" methods="1" coveredmethods="1"/>
      <file name="App.js" path="/Users/christian.nally/lighthouse/web-dev-bootcamp/LHL-lectures-code-nally/w08_unit-testing/mat/src/App.js">
        <metrics statements="2" coveredstatements="2" conditionals="0" coveredconditionals="0" methods="1" coveredmethods="1"/>
        <line num="6" count="1" type="stmt"/>
        <line num="7" count="1" type="stmt"/>
      </file>
      <file name="index.js" path="/Users/christian.nally/lighthouse/web-dev-bootcamp/LHL-lectures-code-nally/w08_unit-testing/mat/src/index.js">
        <metrics statements="1" coveredstatements="0" conditionals="0" coveredconditionals="0" methods="0" coveredmethods="0"/>
        <line num="5" count="0" type="stmt"/>
      </file>
    </package>
    <package name="src.components">
      <metrics statements="37" coveredstatements="25" conditionals="14" coveredconditionals="7" methods="19" coveredmethods="8"/>
      <file name="Computer.jsx" path="/Users/christian.nally/lighthouse/web-dev-bootcamp/LHL-lectures-code-nally/w08_unit-testing/mat/src/components/Computer.jsx">
        <metrics statements="3" coveredstatements="3" conditionals="8" coveredconditionals="4" methods="1" coveredmethods="1"/>
        <line num="3" count="1" type="stmt"/>
        <line num="4" count="1" type="stmt"/>
        <line num="6" count="1" type="stmt"/>
      </file>
      <file name="Game.jsx" path="/Users/christian.nally/lighthouse/web-dev-bootcamp/LHL-lectures-code-nally/w08_unit-testing/mat/src/components/Game.jsx">
        <metrics statements="3" coveredstatements="3" conditionals="0" coveredconditionals="0" methods="1" coveredmethods="1"/>
        <line num="6" count="1" type="stmt"/>
        <line num="7" count="1" type="stmt"/>
        <line num="14" count="1" type="stmt"/>
      </file>
      <file name="Header.jsx" path="/Users/christian.nally/lighthouse/web-dev-bootcamp/LHL-lectures-code-nally/w08_unit-testing/mat/src/components/Header.jsx">
        <metrics statements="2" coveredstatements="2" conditionals="0" coveredconditionals="0" methods="1" coveredmethods="1"/>
        <line num="3" count="1" type="stmt"/>
        <line num="4" count="1" type="stmt"/>
      </file>
      <file name="Player.jsx" path="/Users/christian.nally/lighthouse/web-dev-bootcamp/LHL-lectures-code-nally/w08_unit-testing/mat/src/components/Player.jsx">
        <metrics statements="20" coveredstatements="13" conditionals="6" coveredconditionals="3" methods="11" coveredmethods="4"/>
        <line num="4" count="1" type="stmt"/>
        <line num="5" count="1" type="stmt"/>
        <line num="6" count="1" type="stmt"/>
        <line num="7" count="1" type="stmt"/>
        <line num="13" count="1" type="stmt"/>
        <line num="14" count="1" type="cond" truecount="2" falsecount="2"/>
        <line num="15" count="0" type="stmt"/>
        <line num="16" count="0" type="stmt"/>
        <line num="20" count="1" type="stmt"/>
        <line num="21" count="1" type="cond" truecount="1" falsecount="1"/>
        <line num="22" count="0" type="stmt"/>
        <line num="23" count="0" type="stmt"/>
        <line num="27" count="1" type="stmt"/>
        <line num="28" count="0" type="stmt"/>
        <line num="37" count="1" type="stmt"/>
        <line num="38" count="0" type="stmt"/>
        <line num="41" count="1" type="stmt"/>
        <line num="53" count="3" type="stmt"/>
        <line num="54" count="3" type="stmt"/>
        <line num="56" count="0" type="stmt"/>
      </file>
      <file name="Result.jsx" path="/Users/christian.nally/lighthouse/web-dev-bootcamp/LHL-lectures-code-nally/w08_unit-testing/mat/src/components/Result.jsx">
        <metrics statements="9" coveredstatements="4" conditionals="0" coveredconditionals="0" methods="5" coveredmethods="1"/>
        <line num="5" count="2" type="stmt"/>
        <line num="6" count="2" type="stmt"/>
        <line num="8" count="2" type="stmt"/>
        <line num="9" count="0" type="stmt"/>
        <line num="10" count="0" type="stmt"/>
        <line num="12" count="0" type="stmt"/>
        <line num="13" count="0" type="stmt"/>
        <line num="16" count="2" type="stmt"/>
        <line num="20" count="0" type="stmt"/>
      </file>
    </package>
    <package name="src.helpers">
      <metrics statements="16" coveredstatements="13" conditionals="8" coveredconditionals="8" methods="3" coveredmethods="2"/>
      <file name="helpers.js" path="/Users/christian.nally/lighthouse/web-dev-bootcamp/LHL-lectures-code-nally/w08_unit-testing/mat/src/helpers/helpers.js">
        <metrics statements="16" coveredstatements="13" conditionals="8" coveredconditionals="8" methods="3" coveredmethods="2"/>
        <line num="1" count="3" type="stmt"/>
        <line num="2" count="4" type="stmt"/>
        <line num="7" count="4" type="cond" truecount="4" falsecount="0"/>
        <line num="8" count="1" type="stmt"/>
        <line num="10" count="3" type="cond" truecount="2" falsecount="0"/>
        <line num="11" count="1" type="stmt"/>
        <line num="13" count="2" type="cond" truecount="2" falsecount="0"/>
        <line num="14" count="1" type="stmt"/>
        <line num="16" count="1" type="stmt"/>
        <line num="19" count="3" type="stmt"/>
        <line num="20" count="2" type="stmt"/>
        <line num="26" count="2" type="stmt"/>
        <line num="29" count="3" type="stmt"/>
        <line num="30" count="0" type="stmt"/>
        <line num="31" count="0" type="stmt"/>
        <line num="32" count="0" type="stmt"/>
      </file>
    </package>
  </project>
</coverage>
