{"/Users/christian.nally/lighthouse/web-dev-bootcamp/LHL-lectures-code-nally/w08_unit-testing/mat/src/App.js": {"path":"/Users/christian.nally/lighthouse/web-dev-bootcamp/LHL-lectures-code-nally/w08_unit-testing/mat/src/App.js","statementMap":{"0":{"start":{"line":6,"column":12},"end":{"line":13,"column":1}},"1":{"start":{"line":7,"column":2},"end":{"line":12,"column":4}}},"fnMap":{"0":{"name":"(anonymous_0)","decl":{"start":{"line":6,"column":12},"end":{"line":6,"column":13}},"loc":{"start":{"line":6,"column":18},"end":{"line":13,"column":1}},"line":6}},"branchMap":{},"s":{"0":1,"1":1},"f":{"0":1},"b":{},"_coverageSchema":"43e27e138ebf9cfc5966b082cf9a028302ed4184","hash":"51e2b615fad4f21af80bdcd39d4a6c2fdaf8f056"}
,"/Users/christian.nally/lighthouse/web-dev-bootcamp/LHL-lectures-code-nally/w08_unit-testing/mat/src/index.js": {"path":"/Users/christian.nally/lighthouse/web-dev-bootcamp/LHL-lectures-code-nally/w08_unit-testing/mat/src/index.js","statementMap":{"0":{"start":{"line":5,"column":0},"end":{"line":10,"column":2}}},"fnMap":{},"branchMap":{},"s":{"0":0},"f":{},"b":{},"hash":"191114dc2dc964b74f9c12893950f8e9d15f87ea"}
,"/Users/christian.nally/lighthouse/web-dev-bootcamp/LHL-lectures-code-nally/w08_unit-testing/mat/src/components/Computer.jsx": {"path":"/Users/christian.nally/lighthouse/web-dev-bootcamp/LHL-lectures-code-nally/w08_unit-testing/mat/src/components/Computer.jsx","statementMap":{"0":{"start":{"line":3,"column":17},"end":{"line":37,"column":1}},"1":{"start":{"line":4,"column":28},"end":{"line":4,"column":33}},"2":{"start":{"line":6,"column":2},"end":{"line":36,"column":4}}},"fnMap":{"0":{"name":"(anonymous_0)","decl":{"start":{"line":3,"column":17},"end":{"line":3,"column":18}},"loc":{"start":{"line":3,"column":28},"end":{"line":37,"column":1}},"line":3}},"branchMap":{"0":{"loc":{"start":{"line":16,"column":13},"end":{"line":16,"column":67}},"type":"cond-expr","locations":[{"start":{"line":16,"column":30},"end":{"line":16,"column":46}},{"start":{"line":16,"column":49},"end":{"line":16,"column":67}}],"line":16},"1":{"loc":{"start":{"line":20,"column":15},"end":{"line":20,"column":60}},"type":"cond-expr","locations":[{"start":{"line":20,"column":48},"end":{"line":20,"column":52}},{"start":{"line":20,"column":55},"end":{"line":20,"column":60}}],"line":20},"2":{"loc":{"start":{"line":25,"column":15},"end":{"line":25,"column":59}},"type":"cond-expr","locations":[{"start":{"line":25,"column":47},"end":{"line":25,"column":51}},{"start":{"line":25,"column":54},"end":{"line":25,"column":59}}],"line":25},"3":{"loc":{"start":{"line":30,"column":15},"end":{"line":30,"column":60}},"type":"cond-expr","locations":[{"start":{"line":30,"column":48},"end":{"line":30,"column":52}},{"start":{"line":30,"column":55},"end":{"line":30,"column":60}}],"line":30}},"s":{"0":1,"1":1,"2":1},"f":{"0":1},"b":{"0":[0,1],"1":[0,1],"2":[0,1],"3":[0,1]},"_coverageSchema":"43e27e138ebf9cfc5966b082cf9a028302ed4184","hash":"b84daf84efb0696535e6618f2bf7807b80eac949"}
,"/Users/christian.nally/lighthouse/web-dev-bootcamp/LHL-lectures-code-nally/w08_unit-testing/mat/src/components/Game.jsx": {"path":"/Users/christian.nally/lighthouse/web-dev-bootcamp/LHL-lectures-code-nally/w08_unit-testing/mat/src/components/Game.jsx","statementMap":{"0":{"start":{"line":6,"column":13},"end":{"line":23,"column":1}},"1":{"start":{"line":7,"column":28},"end":{"line":12,"column":4}},"2":{"start":{"line":14,"column":2},"end":{"line":22,"column":4}}},"fnMap":{"0":{"name":"(anonymous_0)","decl":{"start":{"line":6,"column":13},"end":{"line":6,"column":14}},"loc":{"start":{"line":6,"column":19},"end":{"line":23,"column":1}},"line":6}},"branchMap":{},"s":{"0":1,"1":1,"2":1},"f":{"0":1},"b":{},"_coverageSchema":"43e27e138ebf9cfc5966b082cf9a028302ed4184","hash":"326a02f6f8f4955d0735621c2a7abe0fa4e23fc6"}
,"/Users/christian.nally/lighthouse/web-dev-bootcamp/LHL-lectures-code-nally/w08_unit-testing/mat/src/components/Header.jsx": {"path":"/Users/christian.nally/lighthouse/web-dev-bootcamp/LHL-lectures-code-nally/w08_unit-testing/mat/src/components/Header.jsx","statementMap":{"0":{"start":{"line":3,"column":15},"end":{"line":16,"column":1}},"1":{"start":{"line":4,"column":2},"end":{"line":15,"column":3}}},"fnMap":{"0":{"name":"(anonymous_0)","decl":{"start":{"line":3,"column":15},"end":{"line":3,"column":16}},"loc":{"start":{"line":3,"column":21},"end":{"line":16,"column":1}},"line":3}},"branchMap":{},"s":{"0":1,"1":1},"f":{"0":1},"b":{},"_coverageSchema":"43e27e138ebf9cfc5966b082cf9a028302ed4184","hash":"220ff900c313c192c9bccdc76b828217654858aa"}
,"/Users/christian.nally/lighthouse/web-dev-bootcamp/LHL-lectures-code-nally/w08_unit-testing/mat/src/components/Player.jsx": {"path":"/Users/christian.nally/lighthouse/web-dev-bootcamp/LHL-lectures-code-nally/w08_unit-testing/mat/src/components/Player.jsx","statementMap":{"0":{"start":{"line":4,"column":15},"end":{"line":75,"column":1}},"1":{"start":{"line":5,"column":53},"end":{"line":5,"column":64}},"2":{"start":{"line":6,"column":21},"end":{"line":6,"column":26}},"3":{"start":{"line":7,"column":18},"end":{"line":11,"column":3}},"4":{"start":{"line":13,"column":2},"end":{"line":18,"column":49}},"5":{"start":{"line":14,"column":4},"end":{"line":17,"column":5}},"6":{"start":{"line":15,"column":21},"end":{"line":15,"column":67}},"7":{"start":{"line":16,"column":6},"end":{"line":16,"column":56}},"8":{"start":{"line":16,"column":29},"end":{"line":16,"column":53}},"9":{"start":{"line":20,"column":2},"end":{"line":25,"column":44}},"10":{"start":{"line":21,"column":4},"end":{"line":24,"column":5}},"11":{"start":{"line":22,"column":28},"end":{"line":22,"column":66}},"12":{"start":{"line":23,"column":6},"end":{"line":23,"column":63}},"13":{"start":{"line":23,"column":29},"end":{"line":23,"column":60}},"14":{"start":{"line":27,"column":21},"end":{"line":35,"column":3}},"15":{"start":{"line":28,"column":4},"end":{"line":34,"column":7}},"16":{"start":{"line":28,"column":27},"end":{"line":33,"column":7}},"17":{"start":{"line":37,"column":29},"end":{"line":39,"column":3}},"18":{"start":{"line":38,"column":4},"end":{"line":38,"column":69}},"19":{"start":{"line":38,"column":26},"end":{"line":38,"column":66}},"20":{"start":{"line":41,"column":2},"end":{"line":74,"column":4}},"21":{"start":{"line":53,"column":37},"end":{"line":53,"column":43}},"22":{"start":{"line":54,"column":12},"end":{"line":68,"column":14}},"23":{"start":{"line":56,"column":31},"end":{"line":56,"column":67}}},"fnMap":{"0":{"name":"(anonymous_0)","decl":{"start":{"line":4,"column":15},"end":{"line":4,"column":16}},"loc":{"start":{"line":4,"column":26},"end":{"line":75,"column":1}},"line":4},"1":{"name":"(anonymous_1)","decl":{"start":{"line":13,"column":12},"end":{"line":13,"column":13}},"loc":{"start":{"line":13,"column":18},"end":{"line":18,"column":3}},"line":13},"2":{"name":"(anonymous_2)","decl":{"start":{"line":16,"column":15},"end":{"line":16,"column":16}},"loc":{"start":{"line":16,"column":29},"end":{"line":16,"column":53}},"line":16},"3":{"name":"(anonymous_3)","decl":{"start":{"line":20,"column":12},"end":{"line":20,"column":13}},"loc":{"start":{"line":20,"column":18},"end":{"line":25,"column":3}},"line":20},"4":{"name":"(anonymous_4)","decl":{"start":{"line":23,"column":15},"end":{"line":23,"column":16}},"loc":{"start":{"line":23,"column":29},"end":{"line":23,"column":60}},"line":23},"5":{"name":"(anonymous_5)","decl":{"start":{"line":27,"column":21},"end":{"line":27,"column":22}},"loc":{"start":{"line":27,"column":27},"end":{"line":35,"column":3}},"line":27},"6":{"name":"(anonymous_6)","decl":{"start":{"line":28,"column":13},"end":{"line":28,"column":14}},"loc":{"start":{"line":28,"column":27},"end":{"line":33,"column":7}},"line":28},"7":{"name":"(anonymous_7)","decl":{"start":{"line":37,"column":29},"end":{"line":37,"column":30}},"loc":{"start":{"line":37,"column":49},"end":{"line":39,"column":3}},"line":37},"8":{"name":"(anonymous_8)","decl":{"start":{"line":38,"column":12},"end":{"line":38,"column":13}},"loc":{"start":{"line":38,"column":26},"end":{"line":38,"column":66}},"line":38},"9":{"name":"(anonymous_9)","decl":{"start":{"line":52,"column":24},"end":{"line":52,"column":25}},"loc":{"start":{"line":52,"column":36},"end":{"line":69,"column":11}},"line":52},"10":{"name":"(anonymous_10)","decl":{"start":{"line":56,"column":25},"end":{"line":56,"column":26}},"loc":{"start":{"line":56,"column":31},"end":{"line":56,"column":67}},"line":56}},"branchMap":{"0":{"loc":{"start":{"line":14,"column":4},"end":{"line":17,"column":5}},"type":"if","locations":[{"start":{"line":14,"column":4},"end":{"line":17,"column":5}},{"start":{"line":14,"column":4},"end":{"line":17,"column":5}}],"line":14},"1":{"loc":{"start":{"line":14,"column":7},"end":{"line":14,"column":39}},"type":"binary-expr","locations":[{"start":{"line":14,"column":7},"end":{"line":14,"column":22}},{"start":{"line":14,"column":26},"end":{"line":14,"column":39}}],"line":14},"2":{"loc":{"start":{"line":21,"column":4},"end":{"line":24,"column":5}},"type":"if","locations":[{"start":{"line":21,"column":4},"end":{"line":24,"column":5}},{"start":{"line":21,"column":4},"end":{"line":24,"column":5}}],"line":21}},"s":{"0":1,"1":1,"2":1,"3":1,"4":1,"5":1,"6":0,"7":0,"8":0,"9":1,"10":1,"11":0,"12":0,"13":0,"14":1,"15":0,"16":0,"17":1,"18":0,"19":0,"20":1,"21":3,"22":3,"23":0},"f":{"0":1,"1":1,"2":0,"3":1,"4":0,"5":0,"6":0,"7":0,"8":0,"9":3,"10":0},"b":{"0":[0,1],"1":[1,0],"2":[0,1]},"_coverageSchema":"43e27e138ebf9cfc5966b082cf9a028302ed4184","hash":"6fab4ee29a11a93fc8de4a518ce756f9e7cc6e7d"}
,"/Users/christian.nally/lighthouse/web-dev-bootcamp/LHL-lectures-code-nally/w08_unit-testing/mat/src/components/Result.jsx": {"path":"/Users/christian.nally/lighthouse/web-dev-bootcamp/LHL-lectures-code-nally/w08_unit-testing/mat/src/components/Result.jsx","statementMap":{"0":{"start":{"line":5,"column":15},"end":{"line":23,"column":1}},"1":{"start":{"line":6,"column":38},"end":{"line":6,"column":56}},"2":{"start":{"line":8,"column":26},"end":{"line":14,"column":3}},"3":{"start":{"line":9,"column":16},"end":{"line":9,"column":92}},"4":{"start":{"line":10,"column":4},"end":{"line":13,"column":40}},"5":{"start":{"line":12,"column":24},"end":{"line":12,"column":52}},"6":{"start":{"line":13,"column":20},"end":{"line":13,"column":38}},"7":{"start":{"line":16,"column":2},"end":{"line":22,"column":4}},"8":{"start":{"line":20,"column":36},"end":{"line":20,"column":100}}},"fnMap":{"0":{"name":"(anonymous_0)","decl":{"start":{"line":5,"column":15},"end":{"line":5,"column":16}},"loc":{"start":{"line":5,"column":26},"end":{"line":23,"column":1}},"line":5},"1":{"name":"(anonymous_1)","decl":{"start":{"line":8,"column":26},"end":{"line":8,"column":27}},"loc":{"start":{"line":8,"column":32},"end":{"line":14,"column":3}},"line":8},"2":{"name":"(anonymous_2)","decl":{"start":{"line":12,"column":12},"end":{"line":12,"column":13}},"loc":{"start":{"line":12,"column":24},"end":{"line":12,"column":52}},"line":12},"3":{"name":"(anonymous_3)","decl":{"start":{"line":13,"column":13},"end":{"line":13,"column":14}},"loc":{"start":{"line":13,"column":20},"end":{"line":13,"column":38}},"line":13},"4":{"name":"(anonymous_4)","decl":{"start":{"line":20,"column":23},"end":{"line":20,"column":24}},"loc":{"start":{"line":20,"column":36},"end":{"line":20,"column":100}},"line":20}},"branchMap":{},"s":{"0":2,"1":2,"2":2,"3":0,"4":0,"5":0,"6":0,"7":2,"8":0},"f":{"0":2,"1":0,"2":0,"3":0,"4":0},"b":{},"_coverageSchema":"43e27e138ebf9cfc5966b082cf9a028302ed4184","hash":"101a29486479118906a645985ec7c1c2cd3e956d"}
,"/Users/christian.nally/lighthouse/web-dev-bootcamp/LHL-lectures-code-nally/w08_unit-testing/mat/src/helpers/helpers.js": {"path":"/Users/christian.nally/lighthouse/web-dev-bootcamp/LHL-lectures-code-nally/w08_unit-testing/mat/src/helpers/helpers.js","statementMap":{"0":{"start":{"line":1,"column":30},"end":{"line":17,"column":1}},"1":{"start":{"line":2,"column":17},"end":{"line":6,"column":3}},"2":{"start":{"line":7,"column":2},"end":{"line":9,"column":3}},"3":{"start":{"line":8,"column":4},"end":{"line":8,"column":21}},"4":{"start":{"line":10,"column":2},"end":{"line":12,"column":3}},"5":{"start":{"line":11,"column":4},"end":{"line":11,"column":17}},"6":{"start":{"line":13,"column":2},"end":{"line":15,"column":3}},"7":{"start":{"line":14,"column":4},"end":{"line":14,"column":18}},"8":{"start":{"line":16,"column":2},"end":{"line":16,"column":16}},"9":{"start":{"line":19,"column":34},"end":{"line":27,"column":1}},"10":{"start":{"line":20,"column":17},"end":{"line":25,"column":3}},"11":{"start":{"line":26,"column":2},"end":{"line":26,"column":24}},"12":{"start":{"line":29,"column":27},"end":{"line":33,"column":1}},"13":{"start":{"line":30,"column":18},"end":{"line":30,"column":41}},"14":{"start":{"line":31,"column":22},"end":{"line":31,"column":64}},"15":{"start":{"line":32,"column":2},"end":{"line":32,"column":30}}},"fnMap":{"0":{"name":"(anonymous_0)","decl":{"start":{"line":1,"column":30},"end":{"line":1,"column":31}},"loc":{"start":{"line":1,"column":66},"end":{"line":17,"column":1}},"line":1},"1":{"name":"(anonymous_1)","decl":{"start":{"line":19,"column":34},"end":{"line":19,"column":35}},"loc":{"start":{"line":19,"column":46},"end":{"line":27,"column":1}},"line":19},"2":{"name":"(anonymous_2)","decl":{"start":{"line":29,"column":27},"end":{"line":29,"column":28}},"loc":{"start":{"line":29,"column":48},"end":{"line":33,"column":1}},"line":29}},"branchMap":{"0":{"loc":{"start":{"line":7,"column":2},"end":{"line":9,"column":3}},"type":"if","locations":[{"start":{"line":7,"column":2},"end":{"line":9,"column":3}},{"start":{"line":7,"column":2},"end":{"line":9,"column":3}}],"line":7},"1":{"loc":{"start":{"line":7,"column":8},"end":{"line":7,"column":40}},"type":"binary-expr","locations":[{"start":{"line":7,"column":8},"end":{"line":7,"column":23}},{"start":{"line":7,"column":27},"end":{"line":7,"column":40}}],"line":7},"2":{"loc":{"start":{"line":10,"column":2},"end":{"line":12,"column":3}},"type":"if","locations":[{"start":{"line":10,"column":2},"end":{"line":12,"column":3}},{"start":{"line":10,"column":2},"end":{"line":12,"column":3}}],"line":10},"3":{"loc":{"start":{"line":13,"column":2},"end":{"line":15,"column":3}},"type":"if","locations":[{"start":{"line":13,"column":2},"end":{"line":15,"column":3}},{"start":{"line":13,"column":2},"end":{"line":15,"column":3}}],"line":13}},"s":{"0":3,"1":4,"2":4,"3":1,"4":3,"5":1,"6":2,"7":1,"8":1,"9":3,"10":2,"11":2,"12":3,"13":0,"14":0,"15":0},"f":{"0":4,"1":2,"2":0},"b":{"0":[1,3],"1":[4,3],"2":[1,2],"3":[1,1]},"_coverageSchema":"43e27e138ebf9cfc5966b082cf9a028302ed4184","hash":"b2dfa2ab16dd2ee71aa1577a78fae54d0b4a3295"}
}
