TN:
SF:/Users/christian.nally/lighthouse/web-dev-bootcamp/LHL-lectures-code-nally/w08_unit-testing/mat/src/App.js
FN:6,(anonymous_0)
FNF:1
FNH:1
FNDA:1,(anonymous_0)
DA:6,1
DA:7,1
LF:2
LH:2
BRF:0
BRH:0
end_of_record
TN:
SF:/Users/christian.nally/lighthouse/web-dev-bootcamp/LHL-lectures-code-nally/w08_unit-testing/mat/src/index.js
FNF:0
FNH:0
DA:5,0
LF:1
LH:0
BRF:0
BRH:0
end_of_record
TN:
SF:/Users/christian.nally/lighthouse/web-dev-bootcamp/LHL-lectures-code-nally/w08_unit-testing/mat/src/components/Computer.jsx
FN:3,(anonymous_0)
FNF:1
FNH:1
FNDA:1,(anonymous_0)
DA:3,1
DA:4,1
DA:6,1
LF:3
LH:3
BRDA:16,0,0,0
BRDA:16,0,1,1
BRDA:20,1,0,0
BRDA:20,1,1,1
BRDA:25,2,0,0
BRDA:25,2,1,1
BRDA:30,3,0,0
BRDA:30,3,1,1
BRF:8
BRH:4
end_of_record
TN:
SF:/Users/christian.nally/lighthouse/web-dev-bootcamp/LHL-lectures-code-nally/w08_unit-testing/mat/src/components/Game.jsx
FN:6,(anonymous_0)
FNF:1
FNH:1
FNDA:1,(anonymous_0)
DA:6,1
DA:7,1
DA:14,1
LF:3
LH:3
BRF:0
BRH:0
end_of_record
TN:
SF:/Users/christian.nally/lighthouse/web-dev-bootcamp/LHL-lectures-code-nally/w08_unit-testing/mat/src/components/Header.jsx
FN:3,(anonymous_0)
FNF:1
FNH:1
FNDA:1,(anonymous_0)
DA:3,1
DA:4,1
LF:2
LH:2
BRF:0
BRH:0
end_of_record
TN:
SF:/Users/christian.nally/lighthouse/web-dev-bootcamp/LHL-lectures-code-nally/w08_unit-testing/mat/src/components/Player.jsx
FN:4,(anonymous_0)
FN:13,(anonymous_1)
FN:16,(anonymous_2)
FN:20,(anonymous_3)
FN:23,(anonymous_4)
FN:27,(anonymous_5)
FN:28,(anonymous_6)
FN:37,(anonymous_7)
FN:38,(anonymous_8)
FN:52,(anonymous_9)
FN:56,(anonymous_10)
FNF:11
FNH:4
FNDA:1,(anonymous_0)
FNDA:1,(anonymous_1)
FNDA:0,(anonymous_2)
FNDA:1,(anonymous_3)
FNDA:0,(anonymous_4)
FNDA:0,(anonymous_5)
FNDA:0,(anonymous_6)
FNDA:0,(anonymous_7)
FNDA:0,(anonymous_8)
FNDA:3,(anonymous_9)
FNDA:0,(anonymous_10)
DA:4,1
DA:5,1
DA:6,1
DA:7,1
DA:13,1
DA:14,1
DA:15,0
DA:16,0
DA:20,1
DA:21,1
DA:22,0
DA:23,0
DA:27,1
DA:28,0
DA:37,1
DA:38,0
DA:41,1
DA:53,3
DA:54,3
DA:56,0
LF:20
LH:13
BRDA:14,0,0,0
BRDA:14,0,1,1
BRDA:14,1,0,1
BRDA:14,1,1,0
BRDA:21,2,0,0
BRDA:21,2,1,1
BRF:6
BRH:3
end_of_record
TN:
SF:/Users/christian.nally/lighthouse/web-dev-bootcamp/LHL-lectures-code-nally/w08_unit-testing/mat/src/components/Result.jsx
FN:5,(anonymous_0)
FN:8,(anonymous_1)
FN:12,(anonymous_2)
FN:13,(anonymous_3)
FN:20,(anonymous_4)
FNF:5
FNH:1
FNDA:2,(anonymous_0)
FNDA:0,(anonymous_1)
FNDA:0,(anonymous_2)
FNDA:0,(anonymous_3)
FNDA:0,(anonymous_4)
DA:5,2
DA:6,2
DA:8,2
DA:9,0
DA:10,0
DA:12,0
DA:13,0
DA:16,2
DA:20,0
LF:9
LH:4
BRF:0
BRH:0
end_of_record
TN:
SF:/Users/christian.nally/lighthouse/web-dev-bootcamp/LHL-lectures-code-nally/w08_unit-testing/mat/src/helpers/helpers.js
FN:1,(anonymous_0)
FN:19,(anonymous_1)
FN:29,(anonymous_2)
FNF:3
FNH:2
FNDA:4,(anonymous_0)
FNDA:2,(anonymous_1)
FNDA:0,(anonymous_2)
DA:1,3
DA:2,4
DA:7,4
DA:8,1
DA:10,3
DA:11,1
DA:13,2
DA:14,1
DA:16,1
DA:19,3
DA:20,2
DA:26,2
DA:29,3
DA:30,0
DA:31,0
DA:32,0
LF:16
LH:13
BRDA:7,0,0,1
BRDA:7,0,1,3
BRDA:7,1,0,4
BRDA:7,1,1,3
BRDA:10,2,0,1
BRDA:10,2,1,2
BRDA:13,3,0,1
BRDA:13,3,1,1
BRF:8
BRH:8
end_of_record
